SF:/home/knoldus/Documents/DotNet_UnitTest_Assignment/src/rpgAPI/Service/CharacterService.cs
FN:19,rpgAPI.Model.ServiceResponse`1<System.Collections.Generic.List`1<rpgAPI.Model.Character>> rpgAPI.Service.CharacterService::GetAllCharacter()
FNDA:1,rpgAPI.Model.ServiceResponse`1<System.Collections.Generic.List`1<rpgAPI.Model.Character>> rpgAPI.Service.CharacterService::GetAllCharacter()
DA:20,1
DA:21,1
DA:22,1
DA:23,1
DA:24,1
DA:25,1
DA:26,1
FN:28,rpgAPI.Model.ServiceResponse`1<System.Collections.Generic.List`1<rpgAPI.Model.Character>> rpgAPI.Service.CharacterService::AddCharacter(rpgAPI.Model.Character)
FNDA:1,rpgAPI.Model.ServiceResponse`1<System.Collections.Generic.List`1<rpgAPI.Model.Character>> rpgAPI.Service.CharacterService::AddCharacter(rpgAPI.Model.Character)
DA:29,1
DA:30,1
DA:32,1
DA:33,1
DA:34,1
DA:35,1
DA:36,1
DA:38,1
FN:40,rpgAPI.Model.ServiceResponse`1<rpgAPI.Model.Character> rpgAPI.Service.CharacterService::GetCharacterById(System.Int32)
FNDA:2,rpgAPI.Model.ServiceResponse`1<rpgAPI.Model.Character> rpgAPI.Service.CharacterService::GetCharacterById(System.Int32)
DA:41,2
DA:42,6
DA:44,2
DA:46,2
DA:47,1
DA:48,1
DA:49,1
DA:51,1
DA:54,1
DA:56,1
DA:57,2
BRDA:46,49,0,1
BRDA:46,49,1,1
FN:11,System.Void rpgAPI.Service.CharacterService::.cctor()
FNDA:1,System.Void rpgAPI.Service.CharacterService::.cctor()
DA:12,1
DA:13,1
DA:14,1
DA:15,1
DA:16,1
LF:31
LH:31
BRF:2
BRH:2
FNF:4
FNH:4
end_of_record
SF:/home/knoldus/Documents/DotNet_UnitTest_Assignment/src/rpgAPI/Model/Character.cs
FN:9,System.Int32 rpgAPI.Model.Character::get_Id()
FNDA:12,System.Int32 rpgAPI.Model.Character::get_Id()
DA:10,12
FN:11,System.String rpgAPI.Model.Character::get_Name()
FNDA:10,System.String rpgAPI.Model.Character::get_Name()
DA:12,10
FN:13,System.Int32 rpgAPI.Model.Character::get_HitPoint()
FNDA:7,System.Int32 rpgAPI.Model.Character::get_HitPoint()
DA:14,7
FN:15,System.Int32 rpgAPI.Model.Character::get_Strength()
FNDA:7,System.Int32 rpgAPI.Model.Character::get_Strength()
DA:16,7
FN:17,System.Int32 rpgAPI.Model.Character::get_Defense()
FNDA:7,System.Int32 rpgAPI.Model.Character::get_Defense()
DA:18,7
FN:19,System.Int32 rpgAPI.Model.Character::get_Intelligence()
FNDA:7,System.Int32 rpgAPI.Model.Character::get_Intelligence()
DA:20,7
FN:21,rpgAPI.Model.RPGClass rpgAPI.Model.Character::get_CharacterClass()
FNDA:7,rpgAPI.Model.RPGClass rpgAPI.Model.Character::get_CharacterClass()
DA:22,7
LF:7
LH:7
BRF:0
BRH:0
FNF:7
FNH:7
end_of_record
SF:/home/knoldus/Documents/DotNet_UnitTest_Assignment/src/rpgAPI/Model/ServiceResponse.cs
FN:10,T rpgAPI.Model.ServiceResponse`1::get_Data()
FNDA:7,T rpgAPI.Model.ServiceResponse`1::get_Data()
DA:11,7
FN:12,System.Boolean rpgAPI.Model.ServiceResponse`1::get_Success()
FNDA:10,System.Boolean rpgAPI.Model.ServiceResponse`1::get_Success()
DA:13,10
FN:14,System.String rpgAPI.Model.ServiceResponse`1::get_Message()
FNDA:9,System.String rpgAPI.Model.ServiceResponse`1::get_Message()
DA:15,9
LF:3
LH:3
BRF:0
BRH:0
FNF:3
FNH:3
end_of_record
SF:/home/knoldus/Documents/DotNet_UnitTest_Assignment/src/rpgAPI/Controller/CharacterController.cs
FN:22,Microsoft.AspNetCore.Mvc.ActionResult`1<rpgAPI.Model.ServiceResponse`1<System.Collections.Generic.List`1<rpgAPI.Model.Character>>> rpgAPI.Controller.CharacterController::GetCharacter()
FNDA:1,Microsoft.AspNetCore.Mvc.ActionResult`1<rpgAPI.Model.ServiceResponse`1<System.Collections.Generic.List`1<rpgAPI.Model.Character>>> rpgAPI.Controller.CharacterController::GetCharacter()
DA:23,1
DA:24,1
DA:25,1
FN:29,Microsoft.AspNetCore.Mvc.ActionResult`1<rpgAPI.Model.ServiceResponse`1<rpgAPI.Model.Character>> rpgAPI.Controller.CharacterController::GetId(System.Int32)
FNDA:1,Microsoft.AspNetCore.Mvc.ActionResult`1<rpgAPI.Model.ServiceResponse`1<rpgAPI.Model.Character>> rpgAPI.Controller.CharacterController::GetId(System.Int32)
DA:30,1
DA:31,1
DA:32,1
FN:35,Microsoft.AspNetCore.Mvc.ActionResult`1<rpgAPI.Model.ServiceResponse`1<System.Collections.Generic.List`1<rpgAPI.Model.Character>>> rpgAPI.Controller.CharacterController::PostCharacter(rpgAPI.Model.Character)
FNDA:0,Microsoft.AspNetCore.Mvc.ActionResult`1<rpgAPI.Model.ServiceResponse`1<System.Collections.Generic.List`1<rpgAPI.Model.Character>>> rpgAPI.Controller.CharacterController::PostCharacter(rpgAPI.Model.Character)
DA:36,0
DA:37,0
DA:38,0
FN:15,System.Void rpgAPI.Controller.CharacterController::.ctor(rpgAPI.Service.ICharacterService)
FNDA:2,System.Void rpgAPI.Controller.CharacterController::.ctor(rpgAPI.Service.ICharacterService)
DA:16,2
DA:17,2
DA:18,2
DA:19,2
LF:13
LH:10
BRF:0
BRH:0
FNF:4
FNH:3
end_of_record